<?xml version="1.0" encoding="UTF-8"?>
<!-- Generated by org.testng.reporters.JUnitXMLReporter -->
<testsuite ignored="0" hostname="BHH" failures="1" tests="3" name="Error Validation Test" time="21.13" errors="0" timestamp="2024-12-11T01:27:25 WEST">
  <testcase classname="walidkerdouncompany.Tests.ErrorValidationsTest" name="LoginErrorValidation" time="0.676">
    <skipped/>
  </testcase> <!-- LoginErrorValidation -->
  <testcase classname="walidkerdouncompany.Tests.ErrorValidationsTest" name="LoginErrorValidation" time="0.85">
    <failure type="java.lang.AssertionError" message="expected [Incorrect email or password.] but found [Incorrect eemail or password.]">
      <![CDATA[java.lang.AssertionError: expected [Incorrect email or password.] but found [Incorrect eemail or password.]
at walidkerdouncompany.Tests.ErrorValidationsTest.LoginErrorValidation(ErrorValidationsTest.java:26)
at java.base/java.util.ArrayList.forEach(ArrayList.java:1596)
at java.base/java.util.concurrent.FutureTask.run(FutureTask.java:317)
at java.base/java.util.concurrent.ThreadPoolExecutor.runWorker(ThreadPoolExecutor.java:1144)
at java.base/java.util.concurrent.ThreadPoolExecutor$Worker.run(ThreadPoolExecutor.java:642)
at java.base/java.lang.Thread.run(Thread.java:1583)
... Removed 21 stack frames]]>
    </failure>
  </testcase> <!-- LoginErrorValidation -->
  <testcase classname="walidkerdouncompany.Tests.ErrorValidationsTest" name="productErrorValidation" time="3.274"/>
</testsuite> <!-- Error Validation Test -->
