<?xml version="1.0" encoding="UTF-8"?>
<!-- Generated by org.testng.reporters.JUnitXMLReporter -->
<testsuite ignored="0" hostname="BHH" failures="0" tests="3" name="Submit Order Test" time="24.186" errors="0" timestamp="2024-12-11T01:27:28 WEST">
  <testcase classname="walidkerdouncompany.Tests.SubmitOrderTest" name="submitOrder" time="4.444"/>
  <testcase classname="walidkerdouncompany.Tests.SubmitOrderTest" name="submitOrder" time="4.848"/>
  <testcase classname="walidkerdouncompany.Tests.SubmitOrderTest" name="orderHistoryTest" time="0.948"/>
</testsuite> <!-- Submit Order Test -->
