<?xml version="1.0" encoding="UTF-8"?>
<!-- Generated by org.testng.reporters.JUnitXMLReporter -->
<testsuite ignored="0" hostname="BHH" failures="0" tests="2" name="Error Validation Test" time="14.924" errors="0" timestamp="2024-12-11T23:40:19 WEST">
  <testcase classname="walidkerdouncompany.Tests.ErrorValidationsTest" name="LoginErrorValidation" time="0.534"/>
  <testcase classname="walidkerdouncompany.Tests.ErrorValidationsTest" name="productErrorValidation" time="3.402"/>
</testsuite> <!-- Error Validation Test -->
